Removed Pin From Net: NetName=GND Pin=C1-2
Removed Pin From Net: NetName=GND Pin=C2-1
Removed Pin From Net: NetName=GND Pin=IC1-8
Removed Pin From Net: NetName=GND Pin=IC1-13
Removed Pin From Net: NetName=VDD Pin=IC1-16
Removed Pin From Net: NetName=GND Pin=IC2-1
Removed Pin From Net: NetName=VDD Pin=IC2-8
Removed Pin From Net: NetName=GND Pin=IC3-7
Removed Pin From Net: NetName=VDD Pin=IC3-14
Removed Pin From Net: NetName=GND Pin=JP1-2
Removed Pin From Net: NetName=VDD Pin=R1-1
Removed Pin From Net: NetName=VDD Pin=R2-2
Removed Pin From Net: NetName=GND Pin=R3-1
Removed Pin From Net: NetName=VDD Pin=R5-2
Removed Pin From Net: NetName=GND Pin=R6-2
Removed Pin From Net: NetName=GND Pin=R8-2
Removed Pin From Net: NetName=GND Pin=R9-1
Removed Pin From Net: NetName=GND Pin=R10-1
Removed Pin From Net: NetName=VDD Pin=SW1-1
Removed Pin From Net: NetName=VDD Pin=SW2-2
