Change Component Designator: Old Designator=C3 New Designator=C1
Change Component Designator: Old Designator=C4 New Designator=C2
Change Component Designator: Old Designator=IC4 New Designator=IC1
Change Component Designator: Old Designator=IC5 New Designator=IC2
Change Component Designator: Old Designator=IC6 New Designator=IC3
Change Component Designator: Old Designator=JP2 New Designator=JP1
Change Component Designator: Old Designator=LED13 New Designator=LED1
Change Component Designator: Old Designator=LED14 New Designator=LED2
Change Component Designator: Old Designator=LED15 New Designator=LED3
Change Component Designator: Old Designator=LED16 New Designator=LED4
Change Component Designator: Old Designator=LED17 New Designator=LED5
Change Component Designator: Old Designator=LED18 New Designator=LED6
Change Component Designator: Old Designator=LED19 New Designator=LED7
Change Component Designator: Old Designator=LED20 New Designator=LED8
Change Component Designator: Old Designator=LED21 New Designator=LED9
Change Component Designator: Old Designator=LED22 New Designator=LED10
Change Component Designator: Old Designator=LED23 New Designator=LED11
Change Component Designator: Old Designator=LED24 New Designator=LED12
Change Component Designator: Old Designator=Q3 New Designator=Q1
Change Component Designator: Old Designator=Q4 New Designator=Q2
Change Component Designator: Old Designator=R11 New Designator=R1
Change Component Designator: Old Designator=R12 New Designator=R2
Change Component Designator: Old Designator=R13 New Designator=R3
Change Component Designator: Old Designator=R14 New Designator=R4
Change Component Designator: Old Designator=R15 New Designator=R5
Change Component Designator: Old Designator=R16 New Designator=R6
Change Component Designator: Old Designator=R17 New Designator=R7
Change Component Designator: Old Designator=R18 New Designator=R8
Change Component Designator: Old Designator=R19 New Designator=R9
Change Component Designator: Old Designator=R20 New Designator=R10
Change Component Designator: Old Designator=SW4 New Designator=SW1
Change Component Designator: Old Designator=SW5 New Designator=SW2
Change Component Designator: Old Designator=SW6 New Designator=SW3
Change Component Designator: Old Designator=VR2 New Designator=VR1
