Change Component Designator: Old Designator=C? New Designator=C1
Change Component Designator: Old Designator=C? New Designator=C2
Change Component Designator: Old Designator=C? New Designator=C3
Change Component Designator: Old Designator=HD? New Designator=HD1
Change Component Designator: Old Designator=HD? New Designator=HD2
Change Component Designator: Old Designator=JP? New Designator=JP1
Change Component Designator: Old Designator=Q1 New Designator=Q5
Change Component Designator: Old Designator=Q2 New Designator=Q6
Change Component Designator: Old Designator=Q5 New Designator=Q1
Change Component Designator: Old Designator=Q6 New Designator=Q2
Change Component Designator: Old Designator=Q9 New Designator=Q7
Change Component Designator: Old Designator=Q10 New Designator=Q8
Change Component Designator: Old Designator=Q13 New Designator=Q3
Change Component Designator: Old Designator=Q14 New Designator=Q4
Change Component Designator: Old Designator=Q? New Designator=Q9
Change Component Designator: Old Designator=Q? New Designator=Q10
Change Component Designator: Old Designator=Q? New Designator=Q11
Change Component Designator: Old Designator=Q? New Designator=Q12
Change Component Designator: Old Designator=Q? New Designator=Q13
Change Component Designator: Old Designator=Q? New Designator=Q14
Change Component Designator: Old Designator=Q? New Designator=Q15
Change Component Designator: Old Designator=Q? New Designator=Q16
Change Component Designator: Old Designator=R3 New Designator=R5
Change Component Designator: Old Designator=R4 New Designator=R6
Change Component Designator: Old Designator=R5 New Designator=R7
Change Component Designator: Old Designator=R6 New Designator=R8
Change Component Designator: Old Designator=R7 New Designator=R3
Change Component Designator: Old Designator=R8 New Designator=R4
